  win32_platform.cpp
C:\Users\corey\source\repos\Cpp_Game\Cpp_Game\render_file.cpp(3,1): warning C4091: 'static ': ignored on left of 'int' when no variable is declared
  (compiling source file 'win32_platform.cpp')
  
C:\Users\corey\source\repos\Cpp_Game\Cpp_Game\render_file.cpp(12,1): warning C4091: 'static ': ignored on left of 'int' when no variable is declared
  (compiling source file 'win32_platform.cpp')
  
C:\Users\corey\source\repos\Cpp_Game\Cpp_Game\render_file.cpp(22,1): warning C4091: 'static ': ignored on left of 'int' when no variable is declared
  (compiling source file 'win32_platform.cpp')
  
C:\Users\corey\source\repos\Cpp_Game\Cpp_Game\render_file.cpp(37,1): warning C4091: 'static ': ignored on left of 'int' when no variable is declared
  (compiling source file 'win32_platform.cpp')
  
C:\Users\corey\source\repos\Cpp_Game\Cpp_Game\render_file.cpp(40,1): warning C4091: 'static ': ignored on left of 'int' when no variable is declared
  (compiling source file 'win32_platform.cpp')
  
C:\Users\corey\source\repos\Cpp_Game\Cpp_Game\render_file.cpp(50,9): warning C4244: 'initializing': conversion from 'float' to 'int', possible loss of data
  (compiling source file 'win32_platform.cpp')
  
C:\Users\corey\source\repos\Cpp_Game\Cpp_Game\render_file.cpp(51,9): warning C4244: 'initializing': conversion from 'float' to 'int', possible loss of data
  (compiling source file 'win32_platform.cpp')
  
C:\Users\corey\source\repos\Cpp_Game\Cpp_Game\render_file.cpp(52,9): warning C4244: 'initializing': conversion from 'float' to 'int', possible loss of data
  (compiling source file 'win32_platform.cpp')
  
C:\Users\corey\source\repos\Cpp_Game\Cpp_Game\render_file.cpp(53,9): warning C4244: 'initializing': conversion from 'float' to 'int', possible loss of data
  (compiling source file 'win32_platform.cpp')
  
C:\Users\corey\source\repos\Cpp_Game\Cpp_Game\render_file.cpp(59,1): warning C4091: 'static ': ignored on left of 'int' when no variable is declared
  (compiling source file 'win32_platform.cpp')
  
C:\Users\corey\source\repos\Cpp_Game\Cpp_Game\game.cpp(55,1): warning C4091: 'static ': ignored on left of 'int' when no variable is declared
  (compiling source file 'win32_platform.cpp')
  
C:\Users\corey\source\repos\Cpp_Game\Cpp_Game\game.cpp(89,1): warning C4091: 'static ': ignored on left of 'int' when no variable is declared
  (compiling source file 'win32_platform.cpp')
  
C:\Users\corey\source\repos\Cpp_Game\Cpp_Game\game.cpp(104,1): warning C4091: 'static ': ignored on left of 'int' when no variable is declared
  (compiling source file 'win32_platform.cpp')
  
  Generating code
  Previous IPDB and IOBJ mismatch, fall back to full compilation.
  All 88 functions were compiled because no usable IPDB/IOBJ from previous compilation was found.
  Finished generating code
  Cpp_Game.vcxproj -> C:\Users\corey\source\repos\Cpp_Game\x64\Release\Cpp_Game.exe
